[debug] [2021-09-24T14:53:02.753Z] ----------------------------------------------------------------------
[debug] [2021-09-24T14:53:02.756Z] Command:       C:\Program Files\nodejs\node.exe C:\Users\nisha\AppData\Roaming\npm\node_modules\firebase-tools\lib\bin\firebase.js init hosting
[debug] [2021-09-24T14:53:02.756Z] CLI Version:   9.18.0
[debug] [2021-09-24T14:53:02.756Z] Platform:      win32
[debug] [2021-09-24T14:53:02.756Z] Node Version:  v14.15.3
[debug] [2021-09-24T14:53:02.758Z] Time:          Fri Sep 24 2021 20:23:02 GMT+0530 (India Standard Time)
[debug] [2021-09-24T14:53:02.758Z] ----------------------------------------------------------------------
[debug] 
[debug] [2021-09-24T14:53:02.766Z] > command requires scopes: ["email","openid","https://www.googleapis.com/auth/cloudplatformprojects.readonly","https://www.googleapis.com/auth/firebase","https://www.googleapis.com/auth/cloud-platform"]
[debug] [2021-09-24T14:53:02.767Z] > authorizing via signed-in user (nishant.nksingh@gmail.com)
[info] 
     ######## #### ########  ######## ########     ###     ######  ########
     ##        ##  ##     ## ##       ##     ##  ##   ##  ##       ##
     ######    ##  ########  ######   ########  #########  ######  ######
     ##        ##  ##    ##  ##       ##     ## ##     ##       ## ##
     ##       #### ##     ## ######## ########  ##     ##  ######  ########

You're about to initialize a Firebase project in this directory:

  D:\nsweb\nishantnksingh.github.io\todolistredux

[info] 
=== Project Setup
[info] 
[info] First, let's associate this project directory with a Firebase project.
[info] You can create multiple project aliases by running firebase use --add, 
[info] but for now we'll just set up a default project.
[info] 
[debug] [2021-09-24T15:14:50.699Z] >>> [apiv2][query] GET https://firebase.googleapis.com/v1beta1/projects pageSize=100
[debug] [2021-09-24T15:14:51.722Z] <<< [apiv2][status] GET https://firebase.googleapis.com/v1beta1/projects 200
[debug] [2021-09-24T15:14:51.723Z] <<< [apiv2][body] GET https://firebase.googleapis.com/v1beta1/projects [omitted]
